c:\users\luci\desktop\spg\proiect\opengl_4_application_vs2013\release\opengl_4_application_vs2013.pch
c:\users\luci\desktop\spg\proiect\opengl_4_application_vs2013\release\vc141.pdb
c:\users\luci\desktop\spg\proiect\opengl_4_application_vs2013\release\stdafx.obj
c:\users\luci\desktop\spg\proiect\opengl_4_application_vs2013\release\skybox.obj
c:\users\luci\desktop\spg\proiect\opengl_4_application_vs2013\release\shader.obj
c:\users\luci\desktop\spg\proiect\opengl_4_application_vs2013\release\player.obj
c:\users\luci\desktop\spg\proiect\opengl_4_application_vs2013\release\opengl_4_application_vs2013.obj
c:\users\luci\desktop\spg\proiect\opengl_4_application_vs2013\release\model3d.obj
c:\users\luci\desktop\spg\proiect\opengl_4_application_vs2013\release\mesh.obj
c:\users\luci\desktop\spg\proiect\opengl_4_application_vs2013\release\camera.obj
c:\users\luci\desktop\spg\proiect\opengl_4_application_vs2013\release\stb_image.obj
c:\users\luci\desktop\spg\proiect\release\opengl_4_application_vs2013.exe
c:\users\luci\desktop\spg\proiect\release\opengl_4_application_vs2013.pdb
c:\users\luci\desktop\spg\proiect\release\opengl_4_application_vs2013.ipdb
c:\users\luci\desktop\spg\proiect\release\opengl_4_application_vs2013.iobj
c:\users\luci\desktop\spg\proiect\opengl_4_application_vs2013\release\vc120.pdb
c:\users\luci\desktop\spg\proiect\opengl_4_application_vs2013\release\opengl_4.6d9edbf6.tlog\cl.command.1.tlog
c:\users\luci\desktop\spg\proiect\opengl_4_application_vs2013\release\opengl_4.6d9edbf6.tlog\cl.read.1.tlog
c:\users\luci\desktop\spg\proiect\opengl_4_application_vs2013\release\opengl_4.6d9edbf6.tlog\cl.write.1.tlog
c:\users\luci\desktop\spg\proiect\opengl_4_application_vs2013\release\opengl_4.6d9edbf6.tlog\link.command.1.tlog
c:\users\luci\desktop\spg\proiect\opengl_4_application_vs2013\release\opengl_4.6d9edbf6.tlog\link.read.1.tlog
c:\users\luci\desktop\spg\proiect\opengl_4_application_vs2013\release\opengl_4.6d9edbf6.tlog\link.write.1.tlog
c:\users\luci\desktop\spg\proiect\opengl_4_application_vs2013\release\opengl_4.6d9edbf6.tlog\opengl_4_application_vs2013.write.1u.tlog
